Tue May 21 22:36:02 Loaded file C:\PROGRAM FILES\ORCAD\LAYOUT\LIBRARY\BCON100T.LLB
Tue May 21 22:36:02 Loaded file C:\PROGRAM FILES\ORCAD\LAYOUT\LIBRARY\BCON156T.LLB
Tue May 21 22:36:03 Loaded file C:\PROGRAM FILES\ORCAD\LAYOUT\LIBRARY\BGA.LLB
Tue May 21 22:36:03 Loaded file C:\PROGRAM FILES\ORCAD\LAYOUT\LIBRARY\CLCC.LLB
Tue May 21 22:36:03 Loaded file C:\PROGRAM FILES\ORCAD\LAYOUT\LIBRARY\DCON050T.LLB
Tue May 21 22:36:03 Loaded file C:\PROGRAM FILES\ORCAD\LAYOUT\LIBRARY\DCON085T.LLB
Tue May 21 22:36:03 Loaded file C:\PROGRAM FILES\ORCAD\LAYOUT\LIBRARY\DIMM050F.LLB
Tue May 21 22:36:03 Loaded file C:\PROGRAM FILES\ORCAD\LAYOUT\LIBRARY\DIMM050T.LLB
Tue May 21 22:36:03 Loaded file C:\PROGRAM FILES\ORCAD\LAYOUT\LIBRARY\DIN.LLB
Tue May 21 22:36:03 Loaded file C:\PROGRAM FILES\ORCAD\LAYOUT\LIBRARY\DIP100B.LLB
Tue May 21 22:36:03 Loaded file C:\PROGRAM FILES\ORCAD\LAYOUT\LIBRARY\DIP100T.LLB
Tue May 21 22:36:03 Loaded file C:\PROGRAM FILES\ORCAD\LAYOUT\LIBRARY\DSUBT.LLB
Tue May 21 22:36:03 Loaded file C:\PROGRAM FILES\ORCAD\LAYOUT\LIBRARY\DSUBT_HD.LLB
Tue May 21 22:36:03 Loaded file C:\PROGRAM FILES\ORCAD\LAYOUT\LIBRARY\ECON100T.LLB
Tue May 21 22:36:03 Loaded file C:\PROGRAM FILES\ORCAD\LAYOUT\LIBRARY\EMPTY.LLB
Tue May 21 22:36:03 Loaded file C:\PROGRAM FILES\ORCAD\LAYOUT\LIBRARY\EX_GUI.LLB
Tue May 21 22:36:03 Loaded file C:\PROGRAM FILES\ORCAD\LAYOUT\LIBRARY\FBUS.LLB
Tue May 21 22:36:03 Loaded file C:\PROGRAM FILES\ORCAD\LAYOUT\LIBRARY\ISA.LLB
Tue May 21 22:36:03 Loaded file C:\PROGRAM FILES\ORCAD\LAYOUT\LIBRARY\JUMPER.LLB
Tue May 21 22:36:03 Loaded file C:\PROGRAM FILES\ORCAD\LAYOUT\LIBRARY\LAYOUT.LLB
Tue May 21 22:36:03 Loaded file C:\PROGRAM FILES\ORCAD\LAYOUT\LIBRARY\LCON100T.LLB
Tue May 21 22:36:03 Loaded file C:\PROGRAM FILES\ORCAD\LAYOUT\LIBRARY\METRIC.LLB
Tue May 21 22:36:03 Loaded file C:\PROGRAM FILES\ORCAD\LAYOUT\LIBRARY\PADSTACK.LLB
Tue May 21 22:36:03 Loaded file C:\PROGRAM FILES\ORCAD\LAYOUT\LIBRARY\PC104.LLB
Tue May 21 22:36:03 Loaded file C:\PROGRAM FILES\ORCAD\LAYOUT\LIBRARY\PCI.LLB
Tue May 21 22:36:03 Loaded file C:\PROGRAM FILES\ORCAD\LAYOUT\LIBRARY\PCON100T.LLB
Tue May 21 22:36:03 Loaded file C:\PROGRAM FILES\ORCAD\LAYOUT\LIBRARY\PCON156T.LLB
Tue May 21 22:36:03 Loaded file C:\PROGRAM FILES\ORCAD\LAYOUT\LIBRARY\PGA.LLB
Tue May 21 22:36:04 Loaded file C:\PROGRAM FILES\ORCAD\LAYOUT\LIBRARY\PLCC.LLB
Tue May 21 22:36:04 Loaded file C:\PROGRAM FILES\ORCAD\LAYOUT\LIBRARY\QUAD.LLB
Tue May 21 22:36:04 Loaded file C:\PROGRAM FILES\ORCAD\LAYOUT\LIBRARY\QUADB.LLB
Tue May 21 22:36:04 Loaded file C:\PROGRAM FILES\ORCAD\LAYOUT\LIBRARY\RELAY.LLB
Tue May 21 22:36:04 Loaded file C:\PROGRAM FILES\ORCAD\LAYOUT\LIBRARY\RF.LLB
Tue May 21 22:36:04 Loaded file C:\PROGRAM FILES\ORCAD\LAYOUT\LIBRARY\SBUS.LLB
Tue May 21 22:36:04 Loaded file C:\PROGRAM FILES\ORCAD\LAYOUT\LIBRARY\SIMM050F.LLB
Tue May 21 22:36:04 Loaded file C:\PROGRAM FILES\ORCAD\LAYOUT\LIBRARY\SIMM050T.LLB
Tue May 21 22:36:04 Loaded file C:\PROGRAM FILES\ORCAD\LAYOUT\LIBRARY\SIMM100F.LLB
Tue May 21 22:36:04 Loaded file C:\PROGRAM FILES\ORCAD\LAYOUT\LIBRARY\SIMM100T.LLB
Tue May 21 22:36:04 Loaded file C:\PROGRAM FILES\ORCAD\LAYOUT\LIBRARY\SIP.LLB
Tue May 21 22:36:04 Loaded file C:\PROGRAM FILES\ORCAD\LAYOUT\LIBRARY\SM.LLB
Tue May 21 22:36:04 Loaded file C:\PROGRAM FILES\ORCAD\LAYOUT\LIBRARY\SOG.LLB
Tue May 21 22:36:04 Loaded file C:\PROGRAM FILES\ORCAD\LAYOUT\LIBRARY\SOJ.LLB
Tue May 21 22:36:04 Loaded file C:\PROGRAM FILES\ORCAD\LAYOUT\LIBRARY\STIFF.LLB
Tue May 21 22:36:04 Loaded file C:\PROGRAM FILES\ORCAD\LAYOUT\LIBRARY\TELE.LLB
Tue May 21 22:36:04 Loaded file C:\PROGRAM FILES\ORCAD\LAYOUT\LIBRARY\TM_AXIAL.LLB
Tue May 21 22:36:04 Loaded file C:\PROGRAM FILES\ORCAD\LAYOUT\LIBRARY\TM_CAP_P.LLB
Tue May 21 22:36:04 Loaded file C:\PROGRAM FILES\ORCAD\LAYOUT\LIBRARY\TM_CYLND.LLB
Tue May 21 22:36:04 Loaded file C:\PROGRAM FILES\ORCAD\LAYOUT\LIBRARY\TM_DIODE.LLB
Tue May 21 22:36:04 Loaded file C:\PROGRAM FILES\ORCAD\LAYOUT\LIBRARY\TM_DISC.LLB
Tue May 21 22:36:04 Loaded file C:\PROGRAM FILES\ORCAD\LAYOUT\LIBRARY\TM_RAD.LLB
Tue May 21 22:36:04 Loaded file C:\PROGRAM FILES\ORCAD\LAYOUT\LIBRARY\TO.LLB
Tue May 21 22:36:04 Loaded file C:\PROGRAM FILES\ORCAD\LAYOUT\LIBRARY\TRAINING.LLB
Tue May 21 22:36:04 Loaded file C:\PROGRAM FILES\ORCAD\LAYOUT\LIBRARY\VRES.LLB
Tue May 21 22:36:04 Loaded file C:\PROGRAM FILES\ORCAD\LAYOUT\LIBRARY\WCON100T.LLB
Tue May 21 22:36:04 Loaded file C:\PROGRAM FILES\ORCAD\LAYOUT\LIBRARY\XT.LLB
Tue May 21 22:36:04 Loaded file C:\PROGRAM FILES\ORCAD\LAYOUT\LIBRARY\ZIGZAG.LLB
