ERROR   D:\PRODUCT\1KW\PROGRAM\K2.C 19:8:INCLUDE FILE NOT FOUND 16C73A.H
ERROR   D:\PRODUCT\1KW\PROGRAM\K2.C 20:8:INCLUDE FILE NOT FOUND int16cxx.H
ERROR   D:\PRODUCT\1KW\PROGRAM\K2.C 25:11:EXPECTED  ,;([@=
ERROR   D:\PRODUCT\1KW\PROGRAM\K2.C 25:11:EXPECTED  , got g
ERROR   D:\PRODUCT\1KW\PROGRAM\K2.C 25:29:RAM ADDRESS OUT OF RANGE Out of RAM space
ERROR   D:\PRODUCT\1KW\PROGRAM\K2.C 26:20:RAM ADDRESS OUT OF RANGE Out of RAM space
ERROR   D:\PRODUCT\1KW\PROGRAM\K2.C 28:11:ILLEGAL # OPTION:  bit
ERROR   D:\PRODUCT\1KW\PROGRAM\K2.C 40:14:ILLEGAL # OPTION:  origin
ERROR   D:\PRODUCT\1KW\PROGRAM\K2.C 46:12:LABEL NOT DEFINED TMR2IF
ERROR   D:\PRODUCT\1KW\PROGRAM\K2.C 47:8:ILLEGAL OR UNDEFINED ARGUMENT neg .. 6
ERROR   D:\PRODUCT\1KW\PROGRAM\K2.C 49:5:EXPECTED  )
ERROR   D:\PRODUCT\1KW\PROGRAM\K2.C 49:12:ILLEGAL OR UNDEFINED ARGUMENT change .. 6
ERROR   D:\PRODUCT\1KW\PROGRAM\K2.C 51:13:EXPECTED  ')'
ERROR   D:\PRODUCT\1KW\PROGRAM\K2.C 52:9:ILLEGAL TERMINATOR FOUND "PWMLL"
ERROR   D:\PRODUCT\1KW\PROGRAM\K2.C 53:11:ILLEGAL OR UNDEFINED ARGUMENT CCP2CON .. 6
ERROR   D:\PRODUCT\1KW\PROGRAM\K2.C 54:11:ILLEGAL OR UNDEFINED ARGUMENT CCP1CON .. 6
ERROR   D:\PRODUCT\1KW\PROGRAM\K2.C 55:9:ILLEGAL OR UNDEFINED ARGUMENT PWMHL .. 6
ERROR   D:\PRODUCT\1KW\PROGRAM\K2.C 56:10:ILLEGAL OR UNDEFINED ARGUMENT change .. 6
ERROR   D:\PRODUCT\1KW\PROGRAM\K2.C 58:10:EXPECTED  ,;([@=
ERROR   D:\PRODUCT\1KW\PROGRAM\K2.C 58:10:EXPECTED  , got +
ERROR   D:\PRODUCT\1KW\PROGRAM\K2.C 58:10:RAM ADDRESS OUT OF RANGE Out of RAM space
